2025-03-27 13:20:24 [main] testCases.TC001_AccountregistrationTest - ******* Starting TC001_AccountregistrationTest ********
2025-03-27 13:20:28 [main] testCases.TC001_AccountregistrationTest - User click on My Account link...........
2025-03-27 13:20:28 [main] testCases.TC001_AccountregistrationTest - User click on Register Link.............
2025-03-27 13:20:28 [main] testCases.TC001_AccountregistrationTest - Providing the customer details..........
2025-03-27 13:20:33 [main] testCases.TC001_AccountregistrationTest - Validating expected message.........
2025-03-27 13:20:33 [main] testCases.TC001_AccountregistrationTest - test failed.....
2025-03-27 13:20:33 [main] testCases.TC001_AccountregistrationTest - debug logs....
2025-03-27 13:20:33 [main] testCases.TC001_AccountregistrationTest - ***** Finished TC001_AccountregistrationTest **********
2025-03-27 13:21:37 [main] testCases.TC001_AccountregistrationTest - ******* Starting TC001_AccountregistrationTest ********
2025-03-27 13:21:41 [main] testCases.TC001_AccountregistrationTest - User click on My Account link...........
2025-03-27 13:21:41 [main] testCases.TC001_AccountregistrationTest - User click on Register Link.............
2025-03-27 13:21:42 [main] testCases.TC001_AccountregistrationTest - Providing the customer details..........
2025-03-27 13:21:45 [main] testCases.TC001_AccountregistrationTest - Validating expected message.........
2025-03-27 13:21:47 [main] testCases.TC001_AccountregistrationTest - test failed.....
2025-03-27 13:21:47 [main] testCases.TC001_AccountregistrationTest - debug logs....
2025-03-27 13:21:47 [main] testCases.TC001_AccountregistrationTest - ***** Finished TC001_AccountregistrationTest **********
2025-03-27 22:55:38 [main] testCases.TC_002_LoginIntoApplication - ******* Starting TC_002_LoginIntoApplication.............
2025-03-27 22:55:39 [main] testCases.TC_002_LoginIntoApplication - ***** Enter the email and password on login page...........
2025-03-27 22:55:39 [main] testCases.TC_002_LoginIntoApplication - ***** User directed to My Account Page............
2025-03-27 22:55:40 [main] testCases.TC_002_LoginIntoApplication - ***** Finished TC_002_LoginIntoApplication **********
2025-03-28 18:56:33 [main] testCases.TC_003_LoginDDT - ******* Starting TC_003_LoginDDT ***************
2025-03-28 18:56:35 [main] testCases.TC_003_LoginDDT - ***** Enter the email and password on login page...........
2025-03-28 18:56:44 [main] testCases.TC_003_LoginDDT - ************Finished TC_003_LoginDDT ************
2025-03-28 18:56:44 [main] testCases.TC_003_LoginDDT - ******* Starting TC_003_LoginDDT ***************
2025-03-28 18:56:44 [main] testCases.TC_003_LoginDDT - ***** Enter the email and password on login page...........
2025-03-28 18:56:55 [main] testCases.TC_003_LoginDDT - ************Finished TC_003_LoginDDT ************
2025-03-28 18:56:55 [main] testCases.TC_003_LoginDDT - ******* Starting TC_003_LoginDDT ***************
2025-03-28 18:57:16 [main] testCases.TC_003_LoginDDT - ***** Enter the email and password on login page...........
2025-03-28 19:00:21 [main] testCases.TC_003_LoginDDT - ******* Starting TC_003_LoginDDT ***************
2025-03-28 19:00:21 [main] testCases.TC_003_LoginDDT - ***** Enter the email and password on login page...........
2025-03-28 19:00:27 [main] testCases.TC_003_LoginDDT - ************Finished TC_003_LoginDDT ************
2025-03-28 19:00:27 [main] testCases.TC_003_LoginDDT - ******* Starting TC_003_LoginDDT ***************
2025-03-28 19:00:50 [main] testCases.TC_003_LoginDDT - ***** Enter the email and password on login page...........
2025-03-28 19:01:01 [main] testCases.TC_003_LoginDDT - ************Finished TC_003_LoginDDT ************
2025-03-28 19:01:01 [main] testCases.TC_003_LoginDDT - ******* Starting TC_003_LoginDDT ***************
2025-03-28 19:01:07 [main] testCases.TC_003_LoginDDT - ***** Enter the email and password on login page...........
2025-03-28 19:20:10 [main] testCases.TC_003_LoginDDT - ******* Starting TC_003_LoginDDT ***************
2025-03-28 19:20:28 [main] testCases.TC_003_LoginDDT - ******* Starting TC_003_LoginDDT ***************
2025-03-28 22:24:32 [main] testCases.TC_003_LoginDDT - ******* Starting TC_003_LoginDDT ***************
2025-03-28 22:24:33 [main] testCases.TC_003_LoginDDT - ***** Enter the email and password on login page...........
2025-03-28 22:24:40 [main] testCases.TC_003_LoginDDT - ******** Finished TC_003_LoginDDT ************
2025-03-28 22:24:40 [main] testCases.TC_003_LoginDDT - ******* Starting TC_003_LoginDDT ***************
2025-03-28 22:24:41 [main] testCases.TC_003_LoginDDT - ***** Enter the email and password on login page...........
2025-03-28 22:24:55 [main] testCases.TC_003_LoginDDT - ******** Finished TC_003_LoginDDT ************
2025-03-28 22:24:55 [main] testCases.TC_003_LoginDDT - ******* Starting TC_003_LoginDDT ***************
2025-03-28 22:24:58 [main] testCases.TC_003_LoginDDT - ***** Enter the email and password on login page...........
